This is pdfeTeX, Version 3.141592-1.21a-2.2 (Web2C 7.5.4) (format=pdflatex 2008.2.26)  29 MAY 2008 10:31
entering extended mode
**dissertation.tex
(./dissertation.tex
LaTeX2e <2003/12/01>
Babel <v3.8d> and hyphenation patterns for american, french, german, ngerman, b
ahasa, basque, bulgarian, catalan, croatian, czech, danish, dutch, esperanto, e
stonian, finnish, greek, icelandic, irish, italian, latin, magyar, norsk, polis
h, portuges, romanian, russian, serbian, slovak, slovene, spanish, swedish, tur
kish, ukrainian, nohyphenation, loaded.
(/usr/share/texmf/tex/latex/base/book.cls
Document Class: book 2004/02/16 v1.4f Standard LaTeX document class
(/usr/share/texmf/tex/latex/base/bk11.clo
File: bk11.clo 2004/02/16 v1.4f Standard LaTeX file (size option)
)
\c@part=\count79
\c@chapter=\count80
\c@section=\count81
\c@subsection=\count82
\c@subsubsection=\count83
\c@paragraph=\count84
\c@subparagraph=\count85
\c@figure=\count86
\c@table=\count87
\abovecaptionskip=\skip41
\belowcaptionskip=\skip42
\bibindent=\dimen102
)
(/usr/share/texmf/tex/latex/graphics/graphicx.sty
Package: graphicx 1999/02/16 v1.0f Enhanced LaTeX Graphics (DPC,SPQR)

(/usr/share/texmf/tex/latex/graphics/keyval.sty
Package: keyval 1999/03/16 v1.13 key=value parser (DPC)
\KV@toks@=\toks14
)
(/usr/share/texmf/tex/latex/graphics/graphics.sty
Package: graphics 2001/07/07 v1.0n Standard LaTeX Graphics (DPC,SPQR)

(/usr/share/texmf/tex/latex/graphics/trig.sty
Package: trig 1999/03/16 v1.09 sin cos tan (DPC)
)
(/usr/share/texmf/tex/latex/graphics/graphics.cfg
File: graphics.cfg 2005/02/03 v1.3 graphics configuration of teTeX/TeXLive
)
Package graphics Info: Driver file: pdftex.def on input line 80.

(/usr/share/texmf/tex/latex/graphics/pdftex.def
File: pdftex.def 2002/06/19 v0.03k graphics/color for pdftex
\Gread@gobject=\count88
))
\Gin@req@height=\dimen103
\Gin@req@width=\dimen104
)
(/usr/share/texmf/tex/latex/geometry/geometry.sty
Package: geometry 2002/07/08 v3.2 Page Geometry
\Gm@cnth=\count89
\Gm@cntv=\count90
\c@Gm@tempcnt=\count91
\Gm@bindingoffset=\dimen105
\Gm@wd@mp=\dimen106
\Gm@odd@mp=\dimen107
\Gm@even@mp=\dimen108
\Gm@dimlist=\toks15

(/usr/share/texmf/tex/latex/geometry/geometry.cfg))
(/usr/share/texmf/tex/latex/psnfss/helvet.sty
Package: helvet 2004/09/15 PSNFSS-v9.2 (WaS) 
)
(/usr/share/texmf/tex/latex/local/harvard.sty
Package: harvard 

(/usr/share/texmf/tex/latex/base/ifthen.sty
Package: ifthen 2001/05/26 v1.1c Standard LaTeX ifthen package (DPC)
)
(/usr/share/texmf/tex/latex/html/html.sty
(/usr/share/texmf/tex/latex/hyperref/hyperref.sty
Package: hyperref 2003/11/30 v6.74m Hypertext links for LaTeX
\@linkdim=\dimen109
\Hy@linkcounter=\count92
\Hy@pagecounter=\count93

(/usr/share/texmf/tex/latex/hyperref/pd1enc.def
File: pd1enc.def 2003/11/30 v6.74m Hyperref: PDFDocEncoding definition (HO)
)
(/usr/share/texmf/tex/latex/hyperref/hyperref.cfg
File: hyperref.cfg 2002/06/06 v1.2 hyperref configuration of TeXLive and teTeX
Package hyperref Info: Option `colorlinks' set `true' on input line 6.
Package hyperref Info: Option `hyperfootnotes' set `false' on input line 6.
Package hyperref Info: Option `breaklinks' set `true' on input line 6.
)
Package hyperref Info: Hyper figures OFF on input line 1880.
Package hyperref Info: Link nesting OFF on input line 1885.
Package hyperref Info: Hyper index ON on input line 1888.
Package hyperref Info: Plain pages ON on input line 1893.
Package hyperref Info: Backreferencing OFF on input line 1900.

Implicit mode ON; LaTeX internals redefined
Package hyperref Info: Bookmarks ON on input line 2004.
(/usr/share/texmf/tex/latex/html/url.sty
Package: url 1999/03/02  ver 1.4  Verb mode for urls, email addresses, and file
 names
)
LaTeX Info: Redefining \url on input line 2143.
\Fld@menulength=\count94
\Field@Width=\dimen110
\Fld@charsize=\dimen111
\Choice@toks=\toks16
\Field@toks=\toks17
Package hyperref Info: Hyper figures OFF on input line 2618.
Package hyperref Info: Link nesting OFF on input line 2623.
Package hyperref Info: Hyper index ON on input line 2626.
Package hyperref Info: backreferencing OFF on input line 2633.
Package hyperref Info: Link coloring ON on input line 2636.
\c@Item=\count95
)
*hyperref using default driver hpdftex*
(/usr/share/texmf/tex/latex/hyperref/hpdftex.def
File: hpdftex.def 2003/11/30 v6.74m Hyperref driver for pdfTeX

(/usr/share/texmf/tex/latex/psnfss/pifont.sty
Package: pifont 2004/09/15 PSNFSS-v9.2 Pi font support (SPQR) 
LaTeX Font Info:    Try loading font information for U+pzd on input line 63.

(/usr/share/texmf/tex/latex/psnfss/upzd.fd
File: upzd.fd 2001/06/04 font definitions for U/pzd.
)
LaTeX Font Info:    Try loading font information for U+psy on input line 64.

(/usr/share/texmf/tex/latex/psnfss/upsy.fd
File: upsy.fd 2001/06/04 font definitions for U/psy.
))
\Fld@listcount=\count96
\@outlinefile=\write3
)
Package: html 1999/07/19 v1.38 hypertext commands for latex2html (nd, hws, rrm)

\c@lpart=\count97
\c@lchapter=\count98
\c@lsection=\count99
\c@lsubsection=\count100
\c@lsubsubsection=\count101
\c@lparagraph=\count102
\c@lsubparagraph=\count103
\c@lsubsubparagraph=\count104
\ptrfile=\write4
))
(/usr/share/texmf/tex/latex/setspace/setspace.sty
Package: setspace 2000/12/01 6.7 Contributed and Supported LaTeX2e package

Package: `setspace' 6.7 <2000/12/01>
) (/usr/share/texmf/tex/latex/appendix/appendix.sty
Package: appendix 2002/08/06 v1.2 extra appendix facilities
\c@@pps=\count105
\c@@ppsavesec=\count106
\c@@ppsaveapp=\count107
)
(/usr/share/texmf/tex/latex/hyphenat/hyphenat.sty
Package: hyphenat 2001/01/02 v2.3a hyphenation utilities
\langwohyphens=\language34
LaTeX Info: Redefining \_ on input line 46.
) (./dissertation.aux)
\openout1 = `dissertation.aux'.

LaTeX Font Info:    Checking defaults for OML/cmm/m/it on input line 15.
LaTeX Font Info:    ... okay on input line 15.
LaTeX Font Info:    Checking defaults for T1/cmr/m/n on input line 15.
LaTeX Font Info:    ... okay on input line 15.
LaTeX Font Info:    Checking defaults for OT1/cmr/m/n on input line 15.
LaTeX Font Info:    ... okay on input line 15.
LaTeX Font Info:    Checking defaults for OMS/cmsy/m/n on input line 15.
LaTeX Font Info:    ... okay on input line 15.
LaTeX Font Info:    Checking defaults for OMX/cmex/m/n on input line 15.
LaTeX Font Info:    ... okay on input line 15.
LaTeX Font Info:    Checking defaults for U/cmr/m/n on input line 15.
LaTeX Font Info:    ... okay on input line 15.
LaTeX Font Info:    Checking defaults for PD1/pdf/m/n on input line 15.
LaTeX Font Info:    ... okay on input line 15.
LaTeX Font Info:    Try loading font information for OT1+phv on input line 15.

(/usr/share/texmf/tex/latex/psnfss/ot1phv.fd
File: ot1phv.fd 2001/06/04 scalable font definitions for OT1/phv.
)
(/usr/share/texmf/tex/context/base/supp-pdf.tex
(/usr/share/texmf/tex/context/base/supp-mis.tex
loading : Context Support Macros / Miscellaneous (2004.10.26)
\protectiondepth=\count108
\scratchcounter=\count109
\scratchtoks=\toks18
\scratchdimen=\dimen112
\scratchskip=\skip43
\scratchmuskip=\muskip10
\scratchbox=\box26
\scratchread=\read1
\scratchwrite=\write5
\zeropoint=\dimen113
\onepoint=\dimen114
\onebasepoint=\dimen115
\minusone=\count110
\thousandpoint=\dimen116
\onerealpoint=\dimen117
\emptytoks=\toks19
\nextbox=\box27
\nextdepth=\dimen118
\everyline=\toks20
\!!counta=\count111
\!!countb=\count112
\recursecounter=\count113
)
loading : Context Support Macros / PDF (2004.03.26)
\nofMPsegments=\count114
\nofMParguments=\count115
\MPscratchCnt=\count116
\MPscratchDim=\dimen119
\MPnumerator=\count117
\everyMPtoPDFconversion=\toks21
)
-------------------- Geometry parameters
paper: user defined
landscape: --
twocolumn: --
twoside: true
asymmetric: --
h-parts: 52.03491pt, 0.7\paperwidth , 78.05241pt (default)
v-parts: 78.0524pt, 0.7\paperheight , 117.0786pt (default)
hmarginratio: 2:3
vmarginratio: 2:3
lines: --
heightrounded: --
bindingoffset: 0.0pt
truedimen: --
includehead: --
includefoot: --
includemp: --
driver: pdftex
-------------------- Page layout dimensions and switches
\paperwidth  433.62pt
\paperheight 650.43pt
\textwidth  303.53267pt
\textheight 455.299pt
\oddsidemargin  -20.23508pt
\evensidemargin 5.78242pt
\topmargin  -26.09138pt
\headheight 12.0pt
\headsep    19.8738pt
\footskip   27.46295pt
\marginparwidth 116.0pt
\marginparsep   7.0pt
\columnsep  10.0pt
\skip\footins  10.0pt plus 4.0pt minus 2.0pt
\hoffset 0.0pt
\voffset 0.0pt
\mag 1000
\@twosidetrue \@mparswitchtrue 
(1in=72.27pt, 1cm=28.45pt)
-----------------------
 (/usr/share/texmf/tex/latex/graphics/color.sty
Package: color 1999/02/16 v1.0i Standard LaTeX Color (DPC)
LaTeX Info: Redefining \color on input line 71.

(/usr/share/texmf/tex/latex/graphics/color.cfg
File: color.cfg 2005/02/03 v1.3 color configuration of teTeX/TeXLive
)
Package color Info: Driver file: pdftex.def on input line 125.
)
Package hyperref Info: Link coloring ON on input line 15.

(/usr/share/texmf/tex/latex/hyperref/nameref.sty
Package: nameref 2003/12/03 v2.21 Cross-referencing by name of section
\c@section@level=\count118
)
LaTeX Info: Redefining \ref on input line 15.
LaTeX Info: Redefining \pageref on input line 15.
 (./dissertation.out)
(./dissertation.out)
\openout3 = `dissertation.out'.

Package hyperref Info: *** compatibility with harvard ****  on input line 15.
LaTeX Font Info:    External font `cmex10' loaded for size
(Font)              <12> on input line 20.
LaTeX Font Info:    External font `cmex10' loaded for size
(Font)              <8> on input line 20.
LaTeX Font Info:    External font `cmex10' loaded for size
(Font)              <6> on input line 20.
 [1


{/usr/share/texmf-var/fonts/map/pdftex/updmap/pdftex.map}]

! LaTeX Error: There's no line here to end.

See the LaTeX manual or LaTeX Companion for explanation.
Type  H <return>  for immediate help.
 ...                                              
                                                  
l.23 \paragraph{Creative Commons License.}\newline
                                                   This work is licensed und...

Your command was ignored.
Type  I <command> <return>  to replace it with another command,
or  <return>  to continue without it.

LaTeX Font Info:    Font shape `OT1/phv/bx/n' in size <10.95> not available
(Font)              Font shape `OT1/phv/b/n' tried instead on input line 23.
LaTeX Font Info:    External font `cmex10' loaded for size
(Font)              <10.95> on input line 23.
<by-nc-sa.pdf, id=59, 121.45375pt x 43.16125pt>
File: by-nc-sa.pdf Graphic file (type pdf)
 <use by-nc-sa.pdf>
Underfull \hbox (badness 10000) in paragraph at lines 23--27
[][]$\OT1/cmtt/m/n/10.95 http : / / creativecommons . org / licenses / by-[]nc-
[]sa / 3 . 0/$[][] \OT1/phv/m/n/10.95 or
 []


Underfull \hbox (badness 10000) in paragraph at lines 23--27

 []


Underfull \hbox (badness 10000) in paragraph at lines 23--27

 []


Underfull \hbox (badness 10000) in paragraph at lines 23--27

 []

! Undefined control sequence.
l.27 ...n.}Please email me at this address: \email
                                                  {emailme@robdyke.com} or v...
The control sequence at the end of the top line
of your error message was never \def'ed. If you have
misspelled it (e.g., `\hobx'), type `I' and the correct
spelling (e.g., `I\hbox'). Otherwise just continue,
and I'll forget about whatever was undefined.

! Undefined control sequence.
l.27 ...ilme@robdyke.com} or visit my website \www
                                                  {http://www.robdyke.com}
The control sequence at the end of the top line
of your error message was never \def'ed. If you have
misspelled it (e.g., `\hobx'), type `I' and the correct
spelling (e.g., `I\hbox'). Otherwise just continue,
and I'll forget about whatever was undefined.


Underfull \hbox (badness 10000) in paragraph at lines 27--29
 \OT1/phv/b/n/10.95 Con-tact In-for-ma-tion.[] \OT1/phv/m/n/10.95 Please email 
me at this
 []


Underfull \hbox (badness 10000) in paragraph at lines 27--29
\OT1/phv/m/n/10.95 ad-dress: emailme@robdyke.com or visit my web-site
 []

[2 <./by-nc-sa.pdf>]
LaTeX Font Info:    Font shape `OT1/phv/bx/n' in size <24.88> not available
(Font)              Font shape `OT1/phv/b/n' tried instead on input line 29.
 (./dissertation.toc)
\tf@toc=\write6
\openout6 = `dissertation.toc'.

 [3

] [4

]
Chapter 1.
LaTeX Font Info:    Font shape `OT1/phv/bx/n' in size <20.74> not available
(Font)              Font shape `OT1/phv/b/n' tried instead on input line 31.

Underfull \hbox (badness 10000) in paragraph at lines 32--33
\OT1/phv/m/n/10.95 open-source and com-mons regimes have en-gen-dered
 []

[5]
LaTeX Font Info:    External font `cmex10' loaded for size
(Font)              <9> on input line 34.
LaTeX Font Info:    External font `cmex10' loaded for size
(Font)              <5> on input line 34.
 [6]
LaTeX Font Info:    Font shape `OT1/phv/m/it' in size <10.95> not available
(Font)              Font shape `OT1/phv/m/sl' tried instead on input line 36.

Underfull \hbox (badness 1831) in paragraph at lines 36--37
 [] \OT1/phv/m/n/10.95 In terms of global so-ci-ety, the net-work metaphor has
 []


Underfull \vbox (badness 2277) has occurred while \output is active []

 [7]
LaTeX Font Info:    Font shape `OT1/phv/m/it' in size <9> not available
(Font)              Font shape `OT1/phv/m/sl' tried instead on input line 38.

Underfull \hbox (badness 1590) in paragraph at lines 38--39
\OT1/phv/m/n/10.95 de-signed by en-gi-neers.''[] Some may be crit-i-cal of this

 []

[8]
Underfull \hbox (badness 2460) in paragraph at lines 40--41
\OT1/phv/m/n/10.95 to the net-work con-cept. These ideas have de-vel-oped
 []


Underfull \hbox (badness 2443) in paragraph at lines 40--41
\OT1/phv/m/n/10.95 doc-u-ments. For Ray-mond, am-a-teur an-thro-pol-o-gist and
 []

[9]
Underfull \hbox (badness 1342) in paragraph at lines 42--43
 [] \OT1/phv/m/n/10.95 A sec-ond as-pect of my dis-ser-ta-tion is con-cerned wi
th
 []


Underfull \hbox (badness 1509) in paragraph at lines 42--43
\OT1/phv/m/n/10.95 move-ment and move-ments, again con-sid-er-ing so-cial and
 []


Underfull \hbox (badness 1048) in paragraph at lines 42--43
\OT1/phv/m/n/10.95 tech-ni-cal as-pects. I am in-ter-ested in so-cial move-ment
s,
 []


Underfull \hbox (badness 2980) in paragraph at lines 42--43
\OT1/phv/m/n/10.95 and com-mons pro-duc-tion regimes form what has been
 []


Underfull \hbox (badness 1867) in paragraph at lines 44--45
\OT1/phv/m/n/10.95 inter-connections, that is to say the net-works that each
 []

[10]
Underfull \hbox (badness 1231) in paragraph at lines 46--47
\OT1/phv/m/n/10.95 `Who Gov-erns in a Net-worked So-ci-ety?', con-sid-er-ing th
e
 []

[11]
Underfull \hbox (badness 4229) in paragraph at lines 48--49
 [] \OT1/phv/m/n/10.95 Free-dom and open-ness are two cen-tral con-cepts in
 []


Underfull \hbox (badness 3386) in paragraph at lines 50--51
\OT1/phv/m/n/10.95 of pro-duc-tion and re-pro-duc-tion un-der the con-di-tions 
of
 []


Underfull \hbox (badness 1178) in paragraph at lines 50--51
\OT1/phv/m/n/10.95 `com-mu-nica-tive cap-i-tal-ism'[] and the `pos-i-tive pos-s
i-bil-ity'[]
 []

[12]
Underfull \hbox (badness 1014) in paragraph at lines 52--53
\OT1/phv/m/n/10.95 our net-worked so-ci-ety? Fur-ther-more, with ``ad-vo-cates 
of
 []


Underfull \hbox (badness 1577) in paragraph at lines 52--53
\OT1/phv/m/n/10.95 op-por-tu-nites for rad-i-cal po-lit-i-cal com-mu-ni-ties an
d po-lit-i-cal
 []

[13] [14]
Chapter 2.

Underfull \hbox (badness 1418) in paragraph at lines 55--56
\OT1/phv/m/n/10.95 from oli-garchy to plu-ral-ism.[] Barry's \OT1/phv/m/sl/10.9
5 Po-lit-i-cal Ma-chines[]
 []


Underfull \hbox (badness 3138) in paragraph at lines 55--56
\OT1/phv/m/n/10.95 sec-tion, then, de-vel-ops both of these lines of en-quiry
 []

[15

]
Underfull \hbox (badness 10000) in paragraph at lines 57--58
 [] \OT1/phv/m/n/10.95 The net-work metaphor, as-so-ci-ated with so-ci-ol-o-gis
t
 []


Underfull \hbox (badness 1406) in paragraph at lines 57--58
\OT1/phv/m/n/10.95 Antony Gid-dens[] and ge-og-ra-pher Manuel Castells[], is a
 []


Underfull \hbox (badness 1348) in paragraph at lines 57--58
\OT1/phv/m/n/10.95 with a broad range of po-lit-i-cal opin-ion, and de-ployed i
n
 []


Underfull \hbox (badness 1062) in paragraph at lines 57--58
\OT1/phv/m/n/10.95 of `be-ing among'. ``How-ever'' as Par-sons coun-cils us to
 []

[16]
Underfull \vbox (badness 6995) has occurred while \output is active []

 [17]
Underfull \hbox (badness 2096) in paragraph at lines 59--60
 [] \OT1/phv/m/n/10.95 I find the net-work so-ci-ety metaphor sig-nif-i-cantly 
more
 []


Underfull \hbox (badness 1281) in paragraph at lines 59--60
\OT1/phv/m/n/10.95 and in-ter-con-nec-tion. The net-work metaphor is uni-ver-sa
l
 []


Underfull \hbox (badness 1442) in paragraph at lines 59--60
\OT1/phv/m/n/10.95 start out with nation-states and so-ci-ety, rather it re-fle
cts
 []

[18]
Underfull \hbox (badness 1769) in paragraph at lines 61--62
 [] \OT1/phv/m/n/10.95 It is this trans-mu-ta-tion that is of crit-i-cal in-ter
-est to a
 []


Underfull \hbox (badness 1888) in paragraph at lines 61--62
\OT1/phv/m/n/10.95 in global in-ter-ac-tiv-ity. I am posit-ing here a de-cline 
of
 []


Underfull \hbox (badness 4013) in paragraph at lines 61--62
\OT1/phv/m/n/10.95 gov-er-nance in a net-worked so-ci-ety, but also with the
 []

[19]
Underfull \hbox (badness 1226) in paragraph at lines 63--64
\OT1/phv/m/n/10.95 no longer `out there', else-where. Geospa-tial bound-aries
 []

[20]
Underfull \hbox (badness 1137) in paragraph at lines 65--66
\OT1/phv/m/n/10.95 of sym-bols over seem-ingly vast ex-panses of space at a
 []


Underfull \hbox (badness 1264) in paragraph at lines 67--68
\OT1/phv/m/n/10.95 supra-na-tional sovereignty, \OT1/phv/m/sl/10.95 Em-pire\OT1
/phv/m/n/10.95 , arises from a ``shift in
 []


Underfull \hbox (badness 1418) in paragraph at lines 67--68
\OT1/phv/m/n/10.95 con-tem-po-rary cap-i-tal-ist pro-duc-tion and global re-la-
tions of
 []

[21]
Underfull \hbox (badness 5331) in paragraph at lines 69--70
\OT1/phv/m/n/10.95 In re-al-ity the sovereign de-ci-sions of gov-ern-ments are
 []

[22]
Underfull \hbox (badness 2913) in paragraph at lines 71--72
 [] \OT1/phv/m/n/10.95 New so-cial move-ments are an-other ex-am-ple of such
 []


Underfull \hbox (badness 1931) in paragraph at lines 71--72
\OT1/phv/m/n/10.95 the World Eco-nomic Fo-rum (WEF) demon-strate fan-tas-tic
 []


Underfull \hbox (badness 1062) in paragraph at lines 71--72
\OT1/phv/m/n/10.95 in-de-pen-dent and vol-un-tary sec-tor or-gan-i-sa-tions, to
 trades
 []

[23]
Underfull \hbox (badness 1371) in paragraph at lines 73--74
 [] \OT1/phv/m/n/10.95 Herein lies a crit-i-cal para-dox, demon-stra-tive of cu
r-rent
 []


Underfull \hbox (badness 2990) in paragraph at lines 73--74
\OT1/phv/m/n/10.95 hege-monic interest-group in our net-worked so-ci-ety, and
 []


Underfull \hbox (badness 1406) in paragraph at lines 73--74
\OT1/phv/m/n/10.95 ag-gre-ga-tion of NGOs con-cerned with ecol-ogy or poverty
 []


Underfull \hbox (badness 3646) in paragraph at lines 73--74
\OT1/phv/m/n/10.95 mass-starvation, na-tional and transna-tional gov-ern-men-ta
l
 []


Underfull \hbox (badness 2635) in paragraph at lines 73--74
\OT1/phv/m/n/10.95 and re-strict-ing ac-tion. The heav-ily po-liced, pro-scribe
d
 []


Underfull \hbox (badness 1194) in paragraph at lines 73--74
\OT1/phv/m/n/10.95 com-mis-sions are two ex-am-ples of this. Con-versely, the
 []

[24]
Underfull \hbox (badness 1810) in paragraph at lines 77--78
\OT1/phv/m/n/10.95 frame-works ca-pa-ble of ad-dress-ing this ten-dency to-ward
s
 []


Underfull \vbox (badness 1472) has occurred while \output is active []

 [25]
[26]
Underfull \hbox (badness 1107) in paragraph at lines 81--81
[][]\OT1/phv/m/n/9 For dis-cus-sion of the En-vi-ron-men-tal move-ment as a net
-work see
 []


Underfull \hbox (badness 4378) in paragraph at lines 81--82
 [] \OT1/phv/m/n/10.95 Ap-padu-rai's transna-tional `mo-bil-ity with-out mov-in
g', of
 []


Underfull \hbox (badness 2027) in paragraph at lines 81--82
\OT1/phv/m/n/10.95 it-self is desta-bilised from within. The ex-treme plu-ral-i
ty
 []


Underfull \hbox (badness 3260) in paragraph at lines 81--82
\OT1/phv/m/n/10.95 in the in-sti-tu-tions of gov-ern-ment in the es-tab-lish-in
g of
 []

[27] [28]
Underfull \hbox (badness 1917) in paragraph at lines 87--88
\OT1/phv/m/n/10.95 net-worked so-ci-ety we have seen the desta-bil-i-sa-tion an
d
 []


Underfull \vbox (badness 2277) has occurred while \output is active []

 [29]
[30]
Chapter 3.

Underfull \hbox (badness 1127) in paragraph at lines 90--90
\OT1/phv/m/n/9 in this pa-per. A more com-mon acronym, FLOSS, demon-strates the

 []


Underfull \hbox (badness 3058) in paragraph at lines 90--91
\OT1/phv/m/n/10.95 and eco-nomics and the wider dis-sem-i-na-tion of f/los &
 []


Underfull \hbox (badness 2600) in paragraph at lines 90--91
\OT1/phv/m/n/10.95 crit-i-cally the po-lit-i-cal philoso-phies of hack-erism in
 or-der
 []


Underfull \hbox (badness 1264) in paragraph at lines 90--91
\OT1/phv/m/n/10.95 to re-veal the mean-ing of these emerg-ing re-def-i-ni-tions
 of
 []

[31

]
Underfull \hbox (badness 1888) in paragraph at lines 92--93
\OT1/phv/m/n/10.95 in-di-vid-ual char-ac-ter-is-tics in re-la-tion to his/her s
o-cial and
 []

[32]
Underfull \hbox (badness 1496) in paragraph at lines 94--95
\OT1/phv/m/n/10.95 and so-ci-ety that vir-tual and net-worked prop-erty re-la-t
ions
 []

[33]
Missing character: There is no ‚ in font phvr7t!
Missing character: There is no Ä in font phvr7t!
Missing character: There is no ú in font phvr7t!
Missing character: There is no ‚ in font phvr7t!
Missing character: There is no Ä in font phvr7t!
Missing character: There is no ù in font phvr7t!

Underfull \hbox (badness 2951) in paragraph at lines 96--97
 [] \OT1/phv/m/n/10.95 Mod-ern free-dom, the lib-erty of con-tem-po-rary lib-er
-als,
 []


Underfull \hbox (badness 1057) in paragraph at lines 96--97
\OT1/phv/m/n/10.95 and the en-croach-ment of en-clo-sure in the academy. In
 []


Underfull \hbox (badness 2359) in paragraph at lines 96--97
\OT1/phv/m/sl/10.95 Rev-o-lu-tions OS[] \OT1/phv/m/n/10.95 Richard Stall-man, f
ounder of the Free
 []


Underfull \hbox (badness 1484) in paragraph at lines 96--97
\OT1/phv/m/n/10.95 Soft-ware Foun-da-tion and com-puter hacker, de-scribes his
 []

[34] [35]
LaTeX Font Info:    Try loading font information for OMS+phv on input line 106.

 (/usr/share/texmf/tex/latex/psnfss/omsphv.fd
File: omsphv.fd 
)
LaTeX Font Info:    Font shape `OMS/phv/m/n' in size <10.95> not available
(Font)              Font shape `OMS/cmsy/m/n' tried instead on input line 106.
 [36]
Underfull \vbox (badness 10000) has occurred while \output is active []

 [37]
Underfull \hbox (badness 2573) in paragraph at lines 116--118
 [] \OT1/phv/m/n/10.95 Here the sec-ond part of the f/los acronym emerges,
 []


Underfull \hbox (badness 10000) in paragraph at lines 116--118
\OT1/phv/m/sl/10.95 open-source\OT1/phv/m/n/10.95 .[]Open-source can be read as
 sim-ply a
 []


Underfull \hbox (badness 10000) in paragraph at lines 116--118
\OT1/phv/m/n/10.95 tech-nol-ogy de-vel-op-ment method-ol-ogy that co-opts the
 []


Underfull \hbox (badness 10000) in paragraph at lines 116--118
\OT1/phv/m/n/10.95 ad-van-tages of free-software de-vel-op-ment - prin-ci-pally

 []

[38] [39]
Underfull \hbox (badness 6428) in paragraph at lines 121--123
\OT1/phv/m/n/10.95 with new tech-nolo-gies in a new po-lit-i-cal space, the
 []


Underfull \hbox (badness 4303) in paragraph at lines 121--123
\OT1/phv/m/n/10.95 net-worked so-ci-ety of the Bazaar. For An-der-son the
 []

[40] [41]
Underfull \hbox (badness 5667) in paragraph at lines 128--129
 [] \OT1/phv/m/n/10.95 There are other more main-stream ex-am-ples of the
 []


Underfull \hbox (badness 1092) in paragraph at lines 128--129
\OT1/phv/m/n/10.95 `civic hack-ing' of the mySo-ci-ety or-gan-i-sa-tion em-bod-
ies in
 []


Underfull \hbox (badness 1533) in paragraph at lines 128--129
\OT1/phv/m/n/10.95 tech-no-log-i-cal tools to open up gov-ern-men-tal ac-tiv-it
y and
 []


Underfull \hbox (badness 2486) in paragraph at lines 130--130
\OT1/phv/m/n/10.95 and struc-ture-less-ness? What of the ten-dency to-wards
 []

[42] [43] [44

]
Chapter 4.

Underfull \hbox (badness 1270) in paragraph at lines 134--135
\OT1/phv/m/n/10.95 the free-software phi-los-o-phy in our in-for-ma-tion age. A
s
 []


Underfull \hbox (badness 1221) in paragraph at lines 134--135
\OT1/phv/m/n/10.95 Prug ob-serves in his ex-am-i-na-tion of the `po-lit-i-cal a
ct' of
 []


Underfull \hbox (badness 1960) in paragraph at lines 134--135
\OT1/phv/m/n/10.95 and re-pro-duc-tion un-der the con-di-tions of `com-mu-nica-
tive
 []

[45]
Underfull \hbox (badness 3989) in paragraph at lines 136--137
 [] \OT1/phv/m/n/10.95 In \OT1/phv/m/sl/10.95 Em-pire \OT1/phv/m/n/10.95 Hardt 
and Ne-gri, like Marx be-fore them,
 []


Underfull \hbox (badness 3291) in paragraph at lines 136--137
\OT1/phv/m/n/10.95 nec-es-sar-ily in-creases the so-phis-ti-ca-tion of the cap-
i-tal-ist
 []


Underfull \hbox (badness 1533) in paragraph at lines 136--137
\OT1/phv/m/n/10.95 var-i-ously de-scribed as a dig-i-tal econ-omy, an in-for-ma
-tion
 []

[46]
Underfull \hbox (badness 1845) in paragraph at lines 138--139
 [] \OT1/phv/m/n/10.95 Dean's term high-lights the eco-nomic re-con-fig-u-ra-ti
on of
 []


Underfull \hbox (badness 2582) in paragraph at lines 138--139
\OT1/phv/m/n/10.95 com-mu-ni-ca-tion, re-fer-ring to the net-worked move-ment o
f
 []


Underfull \hbox (badness 10000) in paragraph at lines 138--139
\OT1/phv/m/n/10.95 me-di-ated so-ci-ety.[] In con-ceiv-ing of cap-i-tal-ism as
 []

[47]
Underfull \hbox (badness 2980) in paragraph at lines 140--141
\OT1/phv/m/n/10.95 Sim-i-larly, Barry demon-strates that global regimes, such
 []


Underfull \hbox (badness 1242) in paragraph at lines 140--141
\OT1/phv/m/n/10.95 reg-u-la-tion are equally tech-no-log-i-cal as more con-ven-
tional
 []


Underfull \hbox (badness 1194) in paragraph at lines 140--141
\OT1/phv/m/n/10.95 this un-der-stand-ing of tech-nol-ogy. It re-veals the mul-t
i-ple
 []

[48]
Underfull \hbox (badness 2042) in paragraph at lines 142--143
\OT1/phv/m/n/10.95 terms move be-yond the over-determined po-lit-i-cal sub-ject

 []


Underfull \hbox (badness 2856) in paragraph at lines 142--143
\OT1/phv/m/n/10.95 of the in-dus-trial pro-le-tariat and de-scribe the biopo-li
t-i-cal
 []


Underfull \hbox (badness 3503) in paragraph at lines 144--144
\OT1/phv/m/n/9 transna-tional or-gan-i-sa-tion that works to glob-ally nor-mali
se tech-ni-cal
 []


Underfull \hbox (badness 1259) in paragraph at lines 144--145
\OT1/phv/m/n/10.95 regimes to pro-tect these new prop-erty forms. With the
 []


Underfull \hbox (badness 1590) in paragraph at lines 144--145
\OT1/phv/m/n/10.95 prob-lem-atic. The bat-tle for pro-tec-tion of these ab-stra
ct
 []

[49]
Underfull \hbox (badness 1320) in paragraph at lines 146--147
\OT1/phv/m/n/10.95 prop-erty'' car-ries a hid-den as-sump-tion - that the way t
o
 []


Underfull \hbox (badness 1048) in paragraph at lines 146--147
\OT1/phv/m/n/10.95 think about all these dis-parate is-sues [copy-right, patent
s,
 []


Underfull \vbox (badness 2435) has occurred while \output is active []

 [50]
Underfull \hbox (badness 1968) in paragraph at lines 148--148
[][]\OT1/phv/m/n/9 See The GNU Project, \OT1/phv/m/sl/9 What is Copy-left?\OT1/
phv/m/n/9 , [][]$\OT1/cmtt/m/n/9 http : / / www . gnu . org /
 []


Underfull \hbox (badness 4779) in paragraph at lines 148--148
\OT1/cmtt/m/n/9 copyleft / copyleft . html$[][] \OT1/phv/m/n/9 and Cre-ative Co
m-mons, \OT1/phv/m/sl/9 Fre-quently Asked
 []


Underfull \hbox (badness 2384) in paragraph at lines 148--149
\OT1/phv/m/n/10.95 labour, but also to cul-tural pro-duc-tion in gen-eral, have

 []

[51] [52]
Underfull \hbox (badness 3179) in paragraph at lines 152--153
 [] \OT1/phv/m/n/10.95 Prug's work pro-poses a broader read-ing of free/libre
 []


Underfull \hbox (badness 1092) in paragraph at lines 152--153
\OT1/phv/m/n/10.95 `right to' and the nor-ma-tive `right of' prop-erty to a `ri
ght
 []

[53]
Underfull \hbox (badness 1472) in paragraph at lines 154--155
\OT1/phv/m/n/10.95 upon share-holder value and un-sus-tain-able growth re-sults

 []


Underfull \hbox (badness 10000) in paragraph at lines 156--157
 [] \OT1/phv/m/n/10.95 In con-clu-sion, free/libre presents op-por-tu-ni-ties f
or
 []

[54] [55] [56

]
Chapter 5.

Underfull \hbox (badness 1852) in paragraph at lines 159--160
\OT1/phv/m/n/10.95 New re-la-tion-ships of in-ter-con-nect-ed-ness be-tween peo
-ple,
 []

[57]
Missing character: There is no ‚ in font phvr7t!
Missing character: There is no Ä in font phvr7t!
Missing character: There is no ò in font phvr7t!
Missing character: There is no ‚ in font phvr7t!
Missing character: There is no Ä in font phvr7t!
Missing character: There is no ô in font phvr7t!
Missing character: There is no ‚ in font phvr7t!
Missing character: There is no Ä in font phvr7t!
Missing character: There is no ò in font phvr7t!
Missing character: There is no ‚ in font phvr7t!
Missing character: There is no Ä in font phvr7t!
Missing character: There is no ô in font phvr7t!
Missing character: There is no ‚ in font phvr7t!
Missing character: There is no Ä in font phvr7t!
Missing character: There is no ò in font phvr7t!
Missing character: There is no ‚ in font phvr7t!
Missing character: There is no Ä in font phvr7t!
Missing character: There is no ô in font phvr7t!

Underfull \hbox (badness 2573) in paragraph at lines 161--162
\OT1/phv/m/n/10.95 can free/libre and open-source be dis-missed as merely
 []


Underfull \vbox (badness 10000) has occurred while \output is active []

 [58]
Underfull \hbox (badness 4229) in paragraph at lines 163--164
 [] \OT1/phv/m/n/10.95 I ar-gue that the re-la-tional and con-struc-tive on-tol
-ogy
 []


Underfull \hbox (badness 1571) in paragraph at lines 163--164
\OT1/phv/m/n/10.95 of the hacker and free/libre and open source ideas are
 []


Underfull \hbox (badness 1867) in paragraph at lines 163--164
\OT1/phv/m/n/10.95 the ra-tio-nal utility-maximising con-sumer of com-mu-nica-t
ive
 []


Underfull \hbox (badness 1783) in paragraph at lines 163--164
\OT1/phv/m/n/10.95 cap-i-tal-ism and the protes-tant work ethic as-so-ci-ated w
ith
 []


Underfull \hbox (badness 3333) in paragraph at lines 163--164
\OT1/phv/m/n/10.95 his-tor-i-cal and so-cial sit-u-at-ed-ness, both of which \O
T1/phv/m/sl/10.95 homo
 []

[59]
Underfull \hbox (badness 1708) in paragraph at lines 167--168
\OT1/phv/m/n/10.95 strength-ens the democ-racy of the peo-ple through global
 []

[60]
Underfull \hbox (badness 10000) in paragraph at lines 169--170
 [] \OT1/phv/m/n/10.95 Cap-i-tal-ism's cru-cial con-tin-gency is the prin-ci-pl
e of
 []


Underfull \hbox (badness 1902) in paragraph at lines 169--170
\OT1/phv/m/n/10.95 lib-erty, which is com-monly un-der-stood as the pro-tec-tio
n
 []


Underfull \hbox (badness 1442) in paragraph at lines 169--170
\OT1/phv/m/n/10.95 anti-globalisation stances of the so-cial demo-crat and the
 []

[61]
Underfull \hbox (badness 1975) in paragraph at lines 171--172
\OT1/phv/m/n/10.95 as markedly lib-eral in terms of its pro-globalisation and
 []


Underfull \hbox (badness 10000) in paragraph at lines 173--174
\OT1/phv/m/n/10.95 dis-course, like NSM dis-course, ``per-pet-u-ate[s] nar-row
 []


Underfull \hbox (badness 1521) in paragraph at lines 173--174
\OT1/phv/m/n/10.95 the adop-tion of open-source; free/libre, open-source and
 []


Underfull \hbox (badness 3098) in paragraph at lines 173--174
\OT1/phv/m/n/10.95 and struc-tur-ing them-selves within the logic of cap-i-tal-
ist
 []

[62]
Underfull \hbox (badness 1137) in paragraph at lines 175--176
\OT1/phv/m/n/10.95 neu-tral-is-ing the anti-capitalism of free/libre. Open-sour
ce
 []

[63]
Underfull \hbox (badness 1360) in paragraph at lines 177--178
\OT1/phv/m/n/10.95 ex-tracts value from these ab-strac-tions is re-vealed in th
e
 []


Underfull \hbox (badness 1418) in paragraph at lines 177--178
\OT1/phv/m/n/10.95 lib-er-al-ism and lib-erty based on the virtue of the few or

 []

[64]
Underfull \hbox (badness 1158) in paragraph at lines 179--180
\OT1/phv/m/n/10.95 the sleight of hand of open-sourced en-clo-sure. True to
 []

! Missing number, treated as zero.
<to be read again> 
                   \global 
l.183 \paragraph
                {}The new politics configured by free/libre philosophy and t...
A number should have been here; I inserted `0'.
(If you can't figure out why I needed to see a number,
look up `weird error' in the index to The TeXbook.)

! Missing number, treated as zero.
<to be read again> 
                   \global 
l.183 \paragraph
                {}The new politics configured by free/libre philosophy and t...
A number should have been here; I inserted `0'.
(If you can't figure out why I needed to see a number,
look up `weird error' in the index to The TeXbook.)

! Illegal unit of measure (pt inserted).
<to be read again> 
                   \global 
l.183 \paragraph
                {}The new politics configured by free/libre philosophy and t...
Dimensions can be in units of em, ex, in, pt, pc,
cm, mm, dd, cc, bp, or sp; but yours is a new one!
I'll assume that you meant to say pt, for printer's points.
To recover gracefully from this error, it's best to
delete the erroneous units; e.g., type `2' to delete
two letters. (See Chapter 27 of The TeXbook.)


Underfull \vbox (badness 10000) has occurred while \output is active []

 [65]
Underfull \hbox (badness 2653) in paragraph at lines 184--185
\OT1/phv/m/n/10.95 on prin-ci-ples of de-cen-tralised, non-hierarchical
 []

[66] [67] [68] (./dissertation.bbl
Underfull \hbox (badness 5274) in paragraph at lines 22--22
[]| | \OT1/phv/m/n/10.95 Ben-kler, Y. 2006.  \OT1/phv/m/sl/10.95 The Wealth Of 
Net-works: How
 []


Underfull \hbox (badness 10000) in paragraph at lines 31--31
\OT1/phv/m/n/10.95 in the net-work so-ci-ety, \OT1/phv/m/sl/10.95 In-ter-na-tio
nal Jour-nal of
 []


Underfull \hbox (badness 10000) in paragraph at lines 37--37
[][]$\OT1/cmtt/m/n/10.95 http : / / www . media-[]culture . org . au / 0406 / 0
2 _
 []


Underfull \hbox (badness 10000) in paragraph at lines 43--43
[][]$\OT1/cmtt/m/n/10.95 http : / / www . opencapital . net / papers /
 []

[69


]
Underfull \hbox (badness 2922) in paragraph at lines 55--55
\OT1/phv/m/n/10.95 (eds), \OT1/phv/m/sl/10.95 Chal-leng-ing the Po-lit-i-cal Or
-der\OT1/phv/m/n/10.95 , Polity Press,
 []


Underfull \hbox (badness 1132) in paragraph at lines 67--67
[]| | \OT1/phv/m/n/10.95 Dean, J. 2004.  The net-worked em-pire: Com-mu-nica-ti
ve
 []


Underfull \hbox (badness 3209) in paragraph at lines 78--78
\OT1/phv/m/sl/10.95 and cul-tural dy-nam-ics in ad-vanced so-ci-eties\OT1/phv/m
/n/10.95 , Sage
 []

[70]
Underfull \hbox (badness 2213) in paragraph at lines 106--106
[]| | \OT1/phv/m/n/10.95 Hardt, M. 2002.  To-day's ban-dung?, \OT1/phv/m/sl/10.
95 New Left Re-view
 []


Underfull \hbox (badness 10000) in paragraph at lines 132--132
[][]$\OT1/cmtt/m/n/10.95 http : / / www . nettime . org / Lists-[]Archives /
 []


Underfull \hbox (badness 10000) in paragraph at lines 139--139
[][]$\OT1/cmtt/m/n/10.95 http : / / www . nettime . org / Lists-[]Archives /
 []


Underfull \hbox (badness 10000) in paragraph at lines 148--148
[][]$\OT1/cmtt/m/n/10.95 http : / / emoglen . law . columbia . edu / publicatio
ns /
 []

[71]
Underfull \hbox (badness 10000) in paragraph at lines 172--172
[][]$\OT1/cmtt/m/n/10.95 http : / / gold . socialtools . net / FreeSoftware .
 []


Underfull \hbox (badness 10000) in paragraph at lines 177--177
[][]$\OT1/cmtt/m/n/10.95 http : / / www . catb . org / ~esr / writings /
 []


Underfull \hbox (badness 10000) in paragraph at lines 207--207
[][]$\OT1/cmtt/m/n/10.95 http : / / www . gnu . org / philosophy / words-[]to-[
]avoid .
 []

[72]
Underfull \hbox (badness 4805) in paragraph at lines 233--233
[]| | \OT1/phv/m/n/10.95 Waltz, K. N. 1979.  \OT1/phv/m/sl/10.95 The-ory of In-
ter-na-tional Pol-i-tics\OT1/phv/m/n/10.95 ,
 []

Missing character: There is no ‚ in font phvr7t!
Missing character: There is no Ä in font phvr7t!
Missing character: There is no ô in font phvr7t!

Underfull \hbox (badness 1902) in paragraph at lines 253--253
\OT1/phv/m/n/10.95 (ed.), \OT1/phv/m/sl/10.95 States and So-ci-eties\OT1/phv/m/
n/10.95 , Basil Black-well, Ox-ford,
 []


Underfull \hbox (badness 10000) in paragraph at lines 261--261
[][]$\OT1/cmtt/m/n/10.95 http : / / www . metamute . org / en /
 []


Overfull \hbox (10.41469pt too wide) in paragraph at lines 261--261
\OT1/cmtt/m/n/10.95 Reality-[]check-[]Are-[]We-[]Living-[]In-[]An-[]Immaterial-
[]World$[][] 
 []

[73]) [74] [75


] [76]
LaTeX Font Info:    Font shape `OT1/phv/bx/n' in size <14.4> not available
(Font)              Font shape `OT1/phv/b/n' tried instead on input line 193.

Underfull \hbox (badness 1308) in paragraph at lines 198--199
[]\OT1/phv/m/n/10.95 A doc-u-ment prepa-ra-tion sys-tem, re-leased as free
 []


Underfull \hbox (badness 4168) in paragraph at lines 200--201
[]\OT1/phv/m/n/10.95 An open-source bib-li-og-ra-phy ref-er-ence man-ager,
 []


Underfull \hbox (badness 10000) in paragraph at lines 202--203
\OT1/phv/m/n/10.95 con-trol sys-tem for col-lab-o-ra-tion in a net-worked
 []

[77]
Underfull \hbox (badness 3612) in paragraph at lines 209--210
[]\OT1/phv/m/n/10.95 Free Soft-ware Foun-da-tion pro-motes com-puter user
 []

Missing character: There is no ‚ in font phvr7t!
Missing character: There is no Ä in font phvr7t!
Missing character: There is no ú in font phvr7t!
Missing character: There is no ‚ in font phvr7t!
Missing character: There is no Ä in font phvr7t!
Missing character: There is no ù in font phvr7t!
Missing character: There is no ‚ in font phvr7t!
Missing character: There is no Ä in font phvr7t!
Missing character: There is no ú in font phvr7t!
Missing character: There is no ‚ in font phvr7t!
Missing character: There is no Ä in font phvr7t!
Missing character: There is no ù in font phvr7t!

Underfull \hbox (badness 1028) in paragraph at lines 210--211
[]\OT1/phv/m/n/10.95 The GNU Project, launched in 1984, de-vel-ops free
 []


Underfull \hbox (badness 7796) in paragraph at lines 212--213
[]\OT1/phv/m/n/10.95 International Or-ga-ni-za-tion for Stan-dard-iza-tion is a

 []


Underfull \hbox (badness 2359) in paragraph at lines 212--213
\OT1/phv/m/n/10.95 global net-work, de-vel-op-ing and pub-lish-ing tech-ni-cal
 []


Underfull \hbox (badness 1888) in paragraph at lines 214--215
[]\OT1/phv/m/n/10.95 New So-cial Move-ment, used as short-hand for the
 []

[78]
Underfull \hbox (badness 3449) in paragraph at lines 215--216
\OT1/phv/m/n/10.95 a bal-anced and ac-ces-si-ble in-ter-na-tional in-tel-lec-tu
al
 []


Underfull \hbox (badness 1342) in paragraph at lines 215--216
\OT1/phv/m/n/10.95 in-no-va-tion and con-tributes to eco-nomic de-vel-op-ment
 []


Underfull \hbox (badness 2884) in paragraph at lines 216--217
[]\OT1/phv/m/n/10.95 The World Trade Or-gan-i-sa-tion is ``the only global
 []

[79]
Underfull \hbox (badness 1515) in paragraph at lines 224--225
\OT1/phv/m/n/10.95 De-lib-er-ately ob-fus-cated source code is not al-lowed.
 []


Underfull \hbox (badness 1688) in paragraph at lines 225--226
[]\OT1/phv/m/n/10.95 The li-cense must al-low mod-i-fi-ca-tions and
 []


Underfull \hbox (badness 10000) in paragraph at lines 226--227
[]\OT1/phv/m/n/10.95 The li-cense may
 []

[80]
Underfull \hbox (badness 1675) in paragraph at lines 228--229
[]\OT1/phv/m/n/10.95 The li-cense
 []


Underfull \hbox (badness 10000) in paragraph at lines 230--231
[]\OT1/phv/m/n/10.95 The rights
 []


Underfull \hbox (badness 2426) in paragraph at lines 230--231
\OT1/phv/m/n/10.95 attached to the pro-gram must not de-pend on the
 []


Underfull \hbox (badness 2261) in paragraph at lines 232--233
[]\OT1/phv/m/n/10.95 No pro-vi-sion of the
 []

[81] [82]
Underfull \hbox (badness 10000) in paragraph at lines 236--237
 [] \OT1/phv/m/n/10.95 Attribution-Noncommercial-Share Alike 3.0 Un-ported
 []


Underfull \hbox (badness 2582) in paragraph at lines 244--245
[]\OT1/phv/m/n/10.95 You must at-tribute the work in the man-ner
 []


Underfull \hbox (badness 10000) in paragraph at lines 248--249
 [] \OT1/phv/m/n/10.95 For any reuse or dis-tri-bu-tion, you must make
 []


Underfull \hbox (badness 10000) in paragraph at lines 248--249
\OT1/phv/m/n/10.95 clear to oth-ers the li-cense terms of this work.
 []


Underfull \hbox (badness 10000) in paragraph at lines 248--249
[][]$\OT1/cmtt/m/n/10.95 http : / / creativecommons . org / licenses / by-[]nc-
[]sa / 3 . 0/$[][]
 []


Underfull \hbox (badness 10000) in paragraph at lines 248--249
\OT1/phv/m/n/10.95 Any of the above con-di-tions can be waived if
 []


Underfull \hbox (badness 10000) in paragraph at lines 248--249
\OT1/phv/m/n/10.95 you get per-mis-sion from the copy-right holder.
 []


Underfull \hbox (badness 2894) in paragraph at lines 248--249
\OT1/phv/m/n/10.95 Nothing in this li-cense im-pairs or re-stricts the au-thor'
s
 []

[83] (./dissertation.aux)

LaTeX Warning: Label(s) may have changed. Rerun to get cross-references right.

 ) 
Here is how much of TeX's memory you used:
 4033 strings out of 94500
 55072 string characters out of 1176766
 110426 words of memory out of 1000000
 6924 multiletter control sequences out of 10000+50000
 31911 words of font info for 60 fonts, out of 500000 for 2000
 580 hyphenation exceptions out of 1000
 42i,8n,36p,2161b,291s stack positions out of 1500i,500n,5000p,200000b,5000s
PDF statistics:
 636 PDF objects out of 300000
 226 named destinations out of 131072
 110 words of extra memory for PDF output out of 65536
</usr/share/texmf/fonts/type1/bluesky/cm/cmsy10.pfb></usr/share/texmf/fonts/t
ype1/bluesky/cm/cmtt9.pfb>{/usr/share/texmf/fonts/enc/dvips/psnfss/8r.enc}</usr
/share/texmf/fonts/type1/urw/helvetic/uhvro8a.pfb></usr/share/texmf/fonts/type1
/bluesky/cm/cmtt10.pfb></usr/share/texmf/fonts/type1/urw/helvetic/uhvb8a.pfb></
usr/share/texmf/fonts/type1/urw/helvetic/uhvr8a.pfb>
Output written on dissertation.pdf (83 pages, 244642 bytes).
